{"C:\\Users\\ksz95\\Desktop\\React\\React-project\\class-components\\src\\components\\Search\\SearchButton.tsx": {"path":"C:\\Users\\ksz95\\Desktop\\React\\React-project\\class-components\\src\\components\\Search\\SearchButton.tsx","statementMap":{"0":{"start":{"line":8,"column":38},"end":{"line":10,"column":1}},"1":{"start":{"line":9,"column":2},"end":{"line":9,"column":51}}},"fnMap":{"0":{"name":"(anonymous_0)","decl":{"start":{"line":8,"column":38},"end":{"line":8,"column":39}},"loc":{"start":{"line":8,"column":55},"end":{"line":10,"column":1}},"line":8}},"branchMap":{},"s":{"0":1,"1":1},"f":{"0":1},"b":{},"_coverageSchema":"1a1c01bbd47fc00a2c39e90264f33305004495a9","hash":"4390edc266b8e8c76710f1550ea69c3c11a9edf9"}
}
