{"C:\\Users\\ksz95\\Desktop\\React\\React-project\\class-components\\src\\api\\index.ts": {"path":"C:\\Users\\ksz95\\Desktop\\React\\React-project\\class-components\\src\\api\\index.ts","statementMap":{"0":{"start":{"line":2,"column":21},"end":{"line":2,"column":52}},"1":{"start":{"line":8,"column":2},"end":{"line":16,"column":3}},"2":{"start":{"line":9,"column":21},"end":{"line":11,"column":5}},"3":{"start":{"line":12,"column":33},"end":{"line":12,"column":54}},"4":{"start":{"line":13,"column":4},"end":{"line":13,"column":18}},"5":{"start":{"line":15,"column":4},"end":{"line":15,"column":25}},"6":{"start":{"line":22,"column":2},"end":{"line":28,"column":3}},"7":{"start":{"line":23,"column":21},"end":{"line":23,"column":56}},"8":{"start":{"line":24,"column":34},"end":{"line":24,"column":55}},"9":{"start":{"line":25,"column":4},"end":{"line":25,"column":18}},"10":{"start":{"line":27,"column":4},"end":{"line":27,"column":25}}},"fnMap":{"0":{"name":"searchItems","decl":{"start":{"line":4,"column":22},"end":{"line":4,"column":33}},"loc":{"start":{"line":7,"column":37},"end":{"line":17,"column":1}},"line":7},"1":{"name":"searchItem","decl":{"start":{"line":19,"column":22},"end":{"line":19,"column":32}},"loc":{"start":{"line":21,"column":38},"end":{"line":29,"column":1}},"line":21}},"branchMap":{},"s":{"0":1,"1":0,"2":0,"3":0,"4":0,"5":0,"6":0,"7":0,"8":0,"9":0,"10":0},"f":{"0":0,"1":0},"b":{},"_coverageSchema":"1a1c01bbd47fc00a2c39e90264f33305004495a9","hash":"ae3fabdf46979ca3abadbcd45a1f8719f4b8d26d"}
,"C:\\Users\\ksz95\\Desktop\\React\\React-project\\class-components\\src\\components\\Button\\Button.tsx": {"path":"C:\\Users\\ksz95\\Desktop\\React\\React-project\\class-components\\src\\components\\Button\\Button.tsx","statementMap":{"0":{"start":{"line":17,"column":2},"end":{"line":26,"column":4}}},"fnMap":{"0":{"name":"Button","decl":{"start":{"line":4,"column":16},"end":{"line":4,"column":22}},"loc":{"start":{"line":16,"column":3},"end":{"line":27,"column":1}},"line":16}},"branchMap":{},"s":{"0":2},"f":{"0":2},"b":{},"_coverageSchema":"1a1c01bbd47fc00a2c39e90264f33305004495a9","hash":"6d989cdb19a8a2f6bc206f7f7c52797348810160"}
,"C:\\Users\\ksz95\\Desktop\\React\\React-project\\class-components\\src\\components\\CharacterCard\\CharacterCard.tsx": {"path":"C:\\Users\\ksz95\\Desktop\\React\\React-project\\class-components\\src\\components\\CharacterCard\\CharacterCard.tsx","statementMap":{"0":{"start":{"line":9,"column":61},"end":{"line":46,"column":1}},"1":{"start":{"line":20,"column":2},"end":{"line":45,"column":4}}},"fnMap":{"0":{"name":"(anonymous_0)","decl":{"start":{"line":9,"column":61},"end":{"line":9,"column":62}},"loc":{"start":{"line":19,"column":6},"end":{"line":46,"column":1}},"line":19}},"branchMap":{},"s":{"0":2,"1":6},"f":{"0":6},"b":{},"_coverageSchema":"1a1c01bbd47fc00a2c39e90264f33305004495a9","hash":"1b38b61a1050b64d244220fa83345e220dc009e1"}
,"C:\\Users\\ksz95\\Desktop\\React\\React-project\\class-components\\src\\components\\Details\\Details.tsx": {"path":"C:\\Users\\ksz95\\Desktop\\React\\React-project\\class-components\\src\\components\\Details\\Details.tsx","statementMap":{"0":{"start":{"line":11,"column":17},"end":{"line":11,"column":44}},"1":{"start":{"line":12,"column":34},"end":{"line":12,"column":49}},"2":{"start":{"line":13,"column":26},"end":{"line":13,"column":51}},"3":{"start":{"line":15,"column":19},"end":{"line":15,"column":32}},"4":{"start":{"line":16,"column":25},"end":{"line":16,"column":42}},"5":{"start":{"line":17,"column":22},"end":{"line":17,"column":53}},"6":{"start":{"line":18,"column":17},"end":{"line":18,"column":49}},"7":{"start":{"line":20,"column":2},"end":{"line":31,"column":11}},"8":{"start":{"line":21,"column":4},"end":{"line":30,"column":5}},"9":{"start":{"line":22,"column":6},"end":{"line":22,"column":23}},"10":{"start":{"line":23,"column":22},"end":{"line":27,"column":7}},"11":{"start":{"line":24,"column":23},"end":{"line":24,"column":43}},"12":{"start":{"line":25,"column":8},"end":{"line":25,"column":24}},"13":{"start":{"line":26,"column":8},"end":{"line":26,"column":26}},"14":{"start":{"line":29,"column":6},"end":{"line":29,"column":16}},"15":{"start":{"line":33,"column":28},"end":{"line":35,"column":3}},"16":{"start":{"line":34,"column":4},"end":{"line":34,"column":55}},"17":{"start":{"line":37,"column":2},"end":{"line":57,"column":4}}},"fnMap":{"0":{"name":"Details","decl":{"start":{"line":10,"column":16},"end":{"line":10,"column":23}},"loc":{"start":{"line":10,"column":26},"end":{"line":58,"column":1}},"line":10},"1":{"name":"(anonymous_1)","decl":{"start":{"line":20,"column":12},"end":{"line":20,"column":13}},"loc":{"start":{"line":20,"column":18},"end":{"line":31,"column":3}},"line":20},"2":{"name":"(anonymous_2)","decl":{"start":{"line":23,"column":22},"end":{"line":23,"column":23}},"loc":{"start":{"line":23,"column":34},"end":{"line":27,"column":7}},"line":23},"3":{"name":"(anonymous_3)","decl":{"start":{"line":33,"column":28},"end":{"line":33,"column":29}},"loc":{"start":{"line":33,"column":34},"end":{"line":35,"column":3}},"line":33}},"branchMap":{"0":{"loc":{"start":{"line":17,"column":22},"end":{"line":17,"column":53}},"type":"binary-expr","locations":[{"start":{"line":17,"column":22},"end":{"line":17,"column":46}},{"start":{"line":17,"column":50},"end":{"line":17,"column":53}}],"line":17},"1":{"loc":{"start":{"line":18,"column":17},"end":{"line":18,"column":49}},"type":"binary-expr","locations":[{"start":{"line":18,"column":17},"end":{"line":18,"column":43}},{"start":{"line":18,"column":47},"end":{"line":18,"column":49}}],"line":18},"2":{"loc":{"start":{"line":21,"column":4},"end":{"line":30,"column":5}},"type":"if","locations":[{"start":{"line":21,"column":4},"end":{"line":30,"column":5}},{"start":{},"end":{}}],"line":21},"3":{"loc":{"start":{"line":39,"column":7},"end":{"line":55,"column":7}},"type":"cond-expr","locations":[{"start":{"line":40,"column":8},"end":{"line":52,"column":11}},{"start":{"line":54,"column":8},"end":{"line":54,"column":18}}],"line":39},"4":{"loc":{"start":{"line":39,"column":7},"end":{"line":39,"column":25}},"type":"binary-expr","locations":[{"start":{"line":39,"column":7},"end":{"line":39,"column":17}},{"start":{"line":39,"column":21},"end":{"line":39,"column":25}}],"line":39}},"s":{"0":8,"1":8,"2":8,"3":8,"4":8,"5":8,"6":8,"7":8,"8":3,"9":3,"10":3,"11":3,"12":3,"13":3,"14":3,"15":8,"16":1,"17":8},"f":{"0":8,"1":3,"2":3,"3":1},"b":{"0":[8,0],"1":[8,0],"2":[3,0],"3":[2,6],"4":[8,5]},"_coverageSchema":"1a1c01bbd47fc00a2c39e90264f33305004495a9","hash":"57137a2122c184d8674cf141045be19110aed54e"}
,"C:\\Users\\ksz95\\Desktop\\React\\React-project\\class-components\\src\\components\\Loader\\Loader.tsx": {"path":"C:\\Users\\ksz95\\Desktop\\React\\React-project\\class-components\\src\\components\\Loader\\Loader.tsx","statementMap":{"0":{"start":{"line":4,"column":15},"end":{"line":6,"column":1}},"1":{"start":{"line":5,"column":2},"end":{"line":5,"column":54}}},"fnMap":{"0":{"name":"(anonymous_0)","decl":{"start":{"line":4,"column":15},"end":{"line":4,"column":16}},"loc":{"start":{"line":4,"column":21},"end":{"line":6,"column":1}},"line":4}},"branchMap":{},"s":{"0":1,"1":6},"f":{"0":6},"b":{},"_coverageSchema":"1a1c01bbd47fc00a2c39e90264f33305004495a9","hash":"5ea5d5b7c4594f590e1bf32d3d6116217a2f2a3a"}
,"C:\\Users\\ksz95\\Desktop\\React\\React-project\\class-components\\src\\components\\Search\\SearchButton.tsx": {"path":"C:\\Users\\ksz95\\Desktop\\React\\React-project\\class-components\\src\\components\\Search\\SearchButton.tsx","statementMap":{"0":{"start":{"line":8,"column":38},"end":{"line":10,"column":1}},"1":{"start":{"line":9,"column":2},"end":{"line":9,"column":51}}},"fnMap":{"0":{"name":"(anonymous_0)","decl":{"start":{"line":8,"column":38},"end":{"line":8,"column":39}},"loc":{"start":{"line":8,"column":55},"end":{"line":10,"column":1}},"line":8}},"branchMap":{},"s":{"0":1,"1":1},"f":{"0":1},"b":{},"_coverageSchema":"1a1c01bbd47fc00a2c39e90264f33305004495a9","hash":"4390edc266b8e8c76710f1550ea69c3c11a9edf9"}
,"C:\\Users\\ksz95\\Desktop\\React\\React-project\\class-components\\src\\components\\SearchResults\\SearchResults.tsx": {"path":"C:\\Users\\ksz95\\Desktop\\React\\React-project\\class-components\\src\\components\\SearchResults\\SearchResults.tsx","statementMap":{"0":{"start":{"line":11,"column":39},"end":{"line":41,"column":1}},"1":{"start":{"line":12,"column":19},"end":{"line":12,"column":32}},"2":{"start":{"line":13,"column":25},"end":{"line":13,"column":42}},"3":{"start":{"line":14,"column":22},"end":{"line":14,"column":53}},"4":{"start":{"line":15,"column":17},"end":{"line":15,"column":49}},"5":{"start":{"line":17,"column":22},"end":{"line":20,"column":3}},"6":{"start":{"line":18,"column":15},"end":{"line":18,"column":46}},"7":{"start":{"line":19,"column":4},"end":{"line":19,"column":68}},"8":{"start":{"line":22,"column":2},"end":{"line":40,"column":4}},"9":{"start":{"line":25,"column":8},"end":{"line":37,"column":10}},"10":{"start":{"line":35,"column":25},"end":{"line":35,"column":48}}},"fnMap":{"0":{"name":"(anonymous_0)","decl":{"start":{"line":11,"column":39},"end":{"line":11,"column":40}},"loc":{"start":{"line":11,"column":56},"end":{"line":41,"column":1}},"line":11},"1":{"name":"(anonymous_1)","decl":{"start":{"line":17,"column":22},"end":{"line":17,"column":23}},"loc":{"start":{"line":17,"column":39},"end":{"line":20,"column":3}},"line":17},"2":{"name":"(anonymous_2)","decl":{"start":{"line":24,"column":19},"end":{"line":24,"column":20}},"loc":{"start":{"line":25,"column":8},"end":{"line":37,"column":10}},"line":25},"3":{"name":"(anonymous_3)","decl":{"start":{"line":35,"column":19},"end":{"line":35,"column":20}},"loc":{"start":{"line":35,"column":25},"end":{"line":35,"column":48}},"line":35}},"branchMap":{"0":{"loc":{"start":{"line":14,"column":22},"end":{"line":14,"column":53}},"type":"binary-expr","locations":[{"start":{"line":14,"column":22},"end":{"line":14,"column":46}},{"start":{"line":14,"column":50},"end":{"line":14,"column":53}}],"line":14},"1":{"loc":{"start":{"line":15,"column":17},"end":{"line":15,"column":49}},"type":"binary-expr","locations":[{"start":{"line":15,"column":17},"end":{"line":15,"column":43}},{"start":{"line":15,"column":47},"end":{"line":15,"column":49}}],"line":15}},"s":{"0":1,"1":3,"2":3,"3":3,"4":3,"5":3,"6":1,"7":1,"8":3,"9":4,"10":1},"f":{"0":3,"1":1,"2":4,"3":1},"b":{"0":[3,0],"1":[3,0]},"_coverageSchema":"1a1c01bbd47fc00a2c39e90264f33305004495a9","hash":"bfa0625befcbd8cc2286d1a6145cea9087025307"}
}
