<?xml version="1.0" encoding="UTF-8"?>
<coverage generated="1722209180994" clover="3.2.0">
  <project timestamp="1722209180994" name="All files">
    <metrics statements="48" coveredstatements="36" conditionals="12" coveredconditionals="6" methods="17" coveredmethods="11" elements="77" coveredelements="53" complexity="0" loc="48" ncloc="48" packages="6" files="6" classes="6"/>
    <package name="components.CharacterCard">
      <metrics statements="3" coveredstatements="3" conditionals="0" coveredconditionals="0" methods="1" coveredmethods="1"/>
      <file name="CharacterCard.tsx" path="C:\Users\ksz95\Desktop\React\React-project\src\components\CharacterCard\CharacterCard.tsx">
        <metrics statements="3" coveredstatements="3" conditionals="0" coveredconditionals="0" methods="1" coveredmethods="1"/>
        <line num="9" count="2" type="stmt"/>
        <line num="20" count="14" type="stmt"/>
        <line num="21" count="6" type="stmt"/>
      </file>
    </package>
    <package name="components.Search">
      <metrics statements="3" coveredstatements="2" conditionals="0" coveredconditionals="0" methods="1" coveredmethods="1"/>
      <file name="SearchButton.tsx" path="C:\Users\ksz95\Desktop\React\React-project\src\components\Search\SearchButton.tsx">
        <metrics statements="3" coveredstatements="2" conditionals="0" coveredconditionals="0" methods="1" coveredmethods="1"/>
        <line num="8" count="1" type="stmt"/>
        <line num="9" count="4" type="stmt"/>
        <line num="10" count="0" type="stmt"/>
      </file>
    </package>
    <package name="components.SearchResults">
      <metrics statements="17" coveredstatements="15" conditionals="4" coveredconditionals="3" methods="8" coveredmethods="6"/>
      <file name="SearchResults.tsx" path="C:\Users\ksz95\Desktop\React\React-project\src\components\SearchResults\SearchResults.tsx">
        <metrics statements="17" coveredstatements="15" conditionals="4" coveredconditionals="3" methods="8" coveredmethods="6"/>
        <line num="13" count="1" type="stmt"/>
        <line num="14" count="4" type="stmt"/>
        <line num="15" count="4" type="stmt"/>
        <line num="16" count="4" type="cond" truecount="1" falsecount="1"/>
        <line num="17" count="8" type="stmt"/>
        <line num="18" count="4" type="stmt"/>
        <line num="19" count="4" type="stmt"/>
        <line num="20" count="8" type="stmt"/>
        <line num="23" count="4" type="stmt"/>
        <line num="24" count="1" type="stmt"/>
        <line num="25" count="1" type="stmt"/>
        <line num="28" count="4" type="stmt"/>
        <line num="29" count="0" type="stmt"/>
        <line num="32" count="4" type="stmt"/>
        <line num="36" count="6" type="stmt"/>
        <line num="46" count="1" type="stmt"/>
        <line num="53" count="0" type="stmt"/>
      </file>
    </package>
    <package name="hooks">
      <metrics statements="2" coveredstatements="2" conditionals="0" coveredconditionals="0" methods="1" coveredmethods="1"/>
      <file name="hooks.ts" path="C:\Users\ksz95\Desktop\React\React-project\src\hooks\hooks.ts">
        <metrics statements="2" coveredstatements="2" conditionals="0" coveredconditionals="0" methods="1" coveredmethods="1"/>
        <line num="4" count="4" type="stmt"/>
        <line num="5" count="1" type="stmt"/>
      </file>
    </package>
    <package name="slices">
      <metrics statements="12" coveredstatements="4" conditionals="4" coveredconditionals="1" methods="2" coveredmethods="0"/>
      <file name="SelectedItemsSlice.tsx" path="C:\Users\ksz95\Desktop\React\React-project\src\slices\SelectedItemsSlice.tsx">
        <metrics statements="12" coveredstatements="4" conditionals="4" coveredconditionals="1" methods="2" coveredmethods="0"/>
        <line num="8" count="1" type="stmt"/>
        <line num="10" count="1" type="cond" truecount="1" falsecount="1"/>
        <line num="16" count="1" type="stmt"/>
        <line num="21" count="0" type="stmt"/>
        <line num="22" count="0" type="stmt"/>
        <line num="23" count="0" type="cond" truecount="0" falsecount="2"/>
        <line num="24" count="0" type="stmt"/>
        <line num="26" count="0" type="stmt"/>
        <line num="28" count="0" type="stmt"/>
        <line num="34" count="0" type="stmt"/>
        <line num="35" count="0" type="stmt"/>
        <line num="40" count="1" type="stmt"/>
      </file>
    </package>
    <package name="theme">
      <metrics statements="11" coveredstatements="10" conditionals="4" coveredconditionals="2" methods="4" coveredmethods="2"/>
      <file name="ThemeContext.tsx" path="C:\Users\ksz95\Desktop\React\React-project\src\theme\ThemeContext.tsx">
        <metrics statements="11" coveredstatements="10" conditionals="4" coveredconditionals="2" methods="4" coveredmethods="2"/>
        <line num="10" count="3" type="stmt"/>
        <line num="12" count="3" type="stmt"/>
        <line num="13" count="4" type="stmt"/>
        <line num="15" count="4" type="stmt"/>
        <line num="16" count="0" type="cond" truecount="0" falsecount="2"/>
        <line num="19" count="4" type="stmt"/>
        <line num="26" count="3" type="stmt"/>
        <line num="27" count="18" type="stmt"/>
        <line num="28" count="18" type="cond" truecount="2" falsecount="0"/>
        <line num="29" count="12" type="stmt"/>
        <line num="31" count="6" type="stmt"/>
      </file>
    </package>
  </project>
</coverage>
