{"C:\\Users\\ksz95\\Desktop\\React\\React-project\\src\\components\\CharacterCard\\CharacterCard.tsx": {"path":"C:\\Users\\ksz95\\Desktop\\React\\React-project\\src\\components\\CharacterCard\\CharacterCard.tsx","statementMap":{"0":{"start":{"line":9,"column":61},"end":{"line":52,"column":1}},"1":{"start":{"line":20,"column":20},"end":{"line":20,"column":30}},"2":{"start":{"line":21,"column":2},"end":{"line":51,"column":4}}},"fnMap":{"0":{"name":"(anonymous_0)","decl":{"start":{"line":9,"column":61},"end":{"line":9,"column":62}},"loc":{"start":{"line":19,"column":6},"end":{"line":52,"column":1}},"line":19}},"branchMap":{},"s":{"0":2,"1":14,"2":6},"f":{"0":14},"b":{},"_coverageSchema":"1a1c01bbd47fc00a2c39e90264f33305004495a9","hash":"b3a67d8f096c57d5539003ac3081312185a7a29d"}
,"C:\\Users\\ksz95\\Desktop\\React\\React-project\\src\\components\\Search\\SearchButton.tsx": {"path":"C:\\Users\\ksz95\\Desktop\\React\\React-project\\src\\components\\Search\\SearchButton.tsx","statementMap":{"0":{"start":{"line":8,"column":38},"end":{"line":15,"column":1}},"1":{"start":{"line":9,"column":20},"end":{"line":9,"column":30}},"2":{"start":{"line":10,"column":2},"end":{"line":14,"column":4}}},"fnMap":{"0":{"name":"(anonymous_0)","decl":{"start":{"line":8,"column":38},"end":{"line":8,"column":39}},"loc":{"start":{"line":8,"column":55},"end":{"line":15,"column":1}},"line":8}},"branchMap":{},"s":{"0":1,"1":4,"2":0},"f":{"0":4},"b":{},"_coverageSchema":"1a1c01bbd47fc00a2c39e90264f33305004495a9","hash":"10f41c2f6920755fb5af23572dcf098664d4f79f"}
,"C:\\Users\\ksz95\\Desktop\\React\\React-project\\src\\components\\SearchResults\\SearchResults.tsx": {"path":"C:\\Users\\ksz95\\Desktop\\React\\React-project\\src\\components\\SearchResults\\SearchResults.tsx","statementMap":{"0":{"start":{"line":13,"column":39},"end":{"line":61,"column":1}},"1":{"start":{"line":14,"column":19},"end":{"line":14,"column":32}},"2":{"start":{"line":15,"column":25},"end":{"line":15,"column":42}},"3":{"start":{"line":16,"column":17},"end":{"line":16,"column":49}},"4":{"start":{"line":17,"column":22},"end":{"line":17,"column":59}},"5":{"start":{"line":17,"column":48},"end":{"line":17,"column":58}},"6":{"start":{"line":18,"column":19},"end":{"line":18,"column":35}},"7":{"start":{"line":19,"column":24},"end":{"line":21,"column":3}},"8":{"start":{"line":20,"column":15},"end":{"line":20,"column":48}},"9":{"start":{"line":23,"column":22},"end":{"line":26,"column":3}},"10":{"start":{"line":24,"column":15},"end":{"line":24,"column":46}},"11":{"start":{"line":25,"column":4},"end":{"line":25,"column":68}},"12":{"start":{"line":28,"column":31},"end":{"line":30,"column":3}},"13":{"start":{"line":29,"column":4},"end":{"line":29,"column":31}},"14":{"start":{"line":32,"column":2},"end":{"line":60,"column":4}},"15":{"start":{"line":36,"column":10},"end":{"line":57,"column":16}},"16":{"start":{"line":46,"column":29},"end":{"line":46,"column":52}},"17":{"start":{"line":53,"column":32},"end":{"line":53,"column":60}}},"fnMap":{"0":{"name":"(anonymous_0)","decl":{"start":{"line":13,"column":39},"end":{"line":13,"column":40}},"loc":{"start":{"line":13,"column":56},"end":{"line":61,"column":1}},"line":13},"1":{"name":"(anonymous_1)","decl":{"start":{"line":17,"column":37},"end":{"line":17,"column":38}},"loc":{"start":{"line":17,"column":48},"end":{"line":17,"column":58}},"line":17},"2":{"name":"(anonymous_2)","decl":{"start":{"line":20,"column":4},"end":{"line":20,"column":5}},"loc":{"start":{"line":20,"column":15},"end":{"line":20,"column":48}},"line":20},"3":{"name":"(anonymous_3)","decl":{"start":{"line":23,"column":22},"end":{"line":23,"column":23}},"loc":{"start":{"line":23,"column":39},"end":{"line":26,"column":3}},"line":23},"4":{"name":"(anonymous_4)","decl":{"start":{"line":28,"column":31},"end":{"line":28,"column":32}},"loc":{"start":{"line":28,"column":56},"end":{"line":30,"column":3}},"line":28},"5":{"name":"(anonymous_5)","decl":{"start":{"line":35,"column":20},"end":{"line":35,"column":21}},"loc":{"start":{"line":36,"column":10},"end":{"line":57,"column":16}},"line":36},"6":{"name":"(anonymous_6)","decl":{"start":{"line":46,"column":23},"end":{"line":46,"column":24}},"loc":{"start":{"line":46,"column":29},"end":{"line":46,"column":52}},"line":46},"7":{"name":"(anonymous_7)","decl":{"start":{"line":53,"column":26},"end":{"line":53,"column":27}},"loc":{"start":{"line":53,"column":32},"end":{"line":53,"column":60}},"line":53}},"branchMap":{"0":{"loc":{"start":{"line":16,"column":17},"end":{"line":16,"column":49}},"type":"binary-expr","locations":[{"start":{"line":16,"column":17},"end":{"line":16,"column":43}},{"start":{"line":16,"column":47},"end":{"line":16,"column":49}}],"line":16},"1":{"loc":{"start":{"line":34,"column":7},"end":{"line":58,"column":10}},"type":"binary-expr","locations":[{"start":{"line":34,"column":7},"end":{"line":34,"column":25}},{"start":{"line":35,"column":8},"end":{"line":58,"column":10}}],"line":34}},"s":{"0":1,"1":4,"2":4,"3":4,"4":4,"5":8,"6":4,"7":4,"8":8,"9":4,"10":1,"11":1,"12":4,"13":0,"14":4,"15":6,"16":1,"17":0},"f":{"0":4,"1":8,"2":8,"3":1,"4":0,"5":6,"6":1,"7":0},"b":{"0":[4,0],"1":[4,3]},"_coverageSchema":"1a1c01bbd47fc00a2c39e90264f33305004495a9","hash":"86e5074a0cd5f6ea9306f182090358c8d6cb72b0"}
,"C:\\Users\\ksz95\\Desktop\\React\\React-project\\src\\hooks\\hooks.ts": {"path":"C:\\Users\\ksz95\\Desktop\\React\\React-project\\src\\hooks\\hooks.ts","statementMap":{"0":{"start":{"line":4,"column":30},"end":{"line":4,"column":62}},"1":{"start":{"line":4,"column":36},"end":{"line":4,"column":62}},"2":{"start":{"line":5,"column":63},"end":{"line":5,"column":74}}},"fnMap":{"0":{"name":"(anonymous_0)","decl":{"start":{"line":4,"column":30},"end":{"line":4,"column":31}},"loc":{"start":{"line":4,"column":36},"end":{"line":4,"column":62}},"line":4}},"branchMap":{},"s":{"0":1,"1":4,"2":1},"f":{"0":4},"b":{},"_coverageSchema":"1a1c01bbd47fc00a2c39e90264f33305004495a9","hash":"e1202da91050059d87e371523d3923a8feec6dbb"}
,"C:\\Users\\ksz95\\Desktop\\React\\React-project\\src\\slices\\SelectedItemsSlice.tsx": {"path":"C:\\Users\\ksz95\\Desktop\\React\\React-project\\src\\slices\\SelectedItemsSlice.tsx","statementMap":{"0":{"start":{"line":8,"column":24},"end":{"line":8,"column":61}},"1":{"start":{"line":10,"column":41},"end":{"line":14,"column":5}},"2":{"start":{"line":16,"column":27},"end":{"line":38,"column":2}},"3":{"start":{"line":21,"column":19},"end":{"line":21,"column":33}},"4":{"start":{"line":22,"column":17},"end":{"line":22,"column":25}},"5":{"start":{"line":23,"column":6},"end":{"line":27,"column":7}},"6":{"start":{"line":24,"column":8},"end":{"line":24,"column":39}},"7":{"start":{"line":26,"column":8},"end":{"line":26,"column":39}},"8":{"start":{"line":28,"column":6},"end":{"line":31,"column":8}},"9":{"start":{"line":34,"column":6},"end":{"line":34,"column":31}},"10":{"start":{"line":35,"column":6},"end":{"line":35,"column":47}},"11":{"start":{"line":40,"column":43},"end":{"line":40,"column":69}}},"fnMap":{"0":{"name":"(anonymous_0)","decl":{"start":{"line":20,"column":16},"end":{"line":20,"column":17}},"loc":{"start":{"line":20,"column":65},"end":{"line":32,"column":5}},"line":20},"1":{"name":"(anonymous_1)","decl":{"start":{"line":33,"column":17},"end":{"line":33,"column":18}},"loc":{"start":{"line":33,"column":28},"end":{"line":36,"column":5}},"line":33}},"branchMap":{"0":{"loc":{"start":{"line":10,"column":41},"end":{"line":14,"column":5}},"type":"cond-expr","locations":[{"start":{"line":11,"column":4},"end":{"line":11,"column":50}},{"start":{"line":12,"column":4},"end":{"line":14,"column":5}}],"line":10},"1":{"loc":{"start":{"line":23,"column":6},"end":{"line":27,"column":7}},"type":"if","locations":[{"start":{"line":23,"column":6},"end":{"line":27,"column":7}},{"start":{"line":25,"column":13},"end":{"line":27,"column":7}}],"line":23}},"s":{"0":1,"1":1,"2":1,"3":0,"4":0,"5":0,"6":0,"7":0,"8":0,"9":0,"10":0,"11":1},"f":{"0":0,"1":0},"b":{"0":[0,1],"1":[0,0]},"_coverageSchema":"1a1c01bbd47fc00a2c39e90264f33305004495a9","hash":"21aa79438b1087d1ecad5ac0bf201c4c4b9ff7d0"}
,"C:\\Users\\ksz95\\Desktop\\React\\React-project\\src\\theme\\ThemeContext.tsx": {"path":"C:\\Users\\ksz95\\Desktop\\React\\React-project\\src\\theme\\ThemeContext.tsx","statementMap":{"0":{"start":{"line":10,"column":21},"end":{"line":10,"column":76}},"1":{"start":{"line":12,"column":22},"end":{"line":24,"column":1}},"2":{"start":{"line":13,"column":28},"end":{"line":13,"column":52}},"3":{"start":{"line":15,"column":22},"end":{"line":17,"column":3}},"4":{"start":{"line":16,"column":4},"end":{"line":16,"column":72}},"5":{"start":{"line":16,"column":29},"end":{"line":16,"column":69}},"6":{"start":{"line":19,"column":2},"end":{"line":23,"column":4}},"7":{"start":{"line":26,"column":17},"end":{"line":32,"column":1}},"8":{"start":{"line":27,"column":18},"end":{"line":27,"column":42}},"9":{"start":{"line":28,"column":2},"end":{"line":30,"column":3}},"10":{"start":{"line":29,"column":4},"end":{"line":29,"column":68}},"11":{"start":{"line":31,"column":2},"end":{"line":31,"column":17}}},"fnMap":{"0":{"name":"(anonymous_0)","decl":{"start":{"line":12,"column":22},"end":{"line":12,"column":23}},"loc":{"start":{"line":12,"column":65},"end":{"line":24,"column":1}},"line":12},"1":{"name":"(anonymous_1)","decl":{"start":{"line":15,"column":22},"end":{"line":15,"column":23}},"loc":{"start":{"line":15,"column":28},"end":{"line":17,"column":3}},"line":15},"2":{"name":"(anonymous_2)","decl":{"start":{"line":16,"column":13},"end":{"line":16,"column":14}},"loc":{"start":{"line":16,"column":29},"end":{"line":16,"column":69}},"line":16},"3":{"name":"(anonymous_3)","decl":{"start":{"line":26,"column":17},"end":{"line":26,"column":18}},"loc":{"start":{"line":26,"column":23},"end":{"line":32,"column":1}},"line":26}},"branchMap":{"0":{"loc":{"start":{"line":16,"column":29},"end":{"line":16,"column":69}},"type":"cond-expr","locations":[{"start":{"line":16,"column":53},"end":{"line":16,"column":59}},{"start":{"line":16,"column":62},"end":{"line":16,"column":69}}],"line":16},"1":{"loc":{"start":{"line":28,"column":2},"end":{"line":30,"column":3}},"type":"if","locations":[{"start":{"line":28,"column":2},"end":{"line":30,"column":3}},{"start":{},"end":{}}],"line":28}},"s":{"0":3,"1":3,"2":4,"3":4,"4":0,"5":0,"6":4,"7":3,"8":18,"9":18,"10":12,"11":6},"f":{"0":4,"1":0,"2":0,"3":18},"b":{"0":[0,0],"1":[12,6]},"_coverageSchema":"1a1c01bbd47fc00a2c39e90264f33305004495a9","hash":"66343eda2f9c1193138252465cb439209f17a330"}
}
