{"C:\\Users\\ksz95\\Desktop\\React\\React-project\\src\\api\\index.ts": {"path":"C:\\Users\\ksz95\\Desktop\\React\\React-project\\src\\api\\index.ts","statementMap":{"0":{"start":{"line":4,"column":21},"end":{"line":4,"column":52}},"1":{"start":{"line":6,"column":25},"end":{"line":24,"column":2}},"2":{"start":{"line":9,"column":27},"end":{"line":23,"column":3}},"3":{"start":{"line":14,"column":40},"end":{"line":16,"column":7}},"4":{"start":{"line":19,"column":22},"end":{"line":21,"column":7}},"5":{"start":{"line":26,"column":59},"end":{"line":26,"column":68}}},"fnMap":{"0":{"name":"(anonymous_0)","decl":{"start":{"line":9,"column":13},"end":{"line":9,"column":14}},"loc":{"start":{"line":9,"column":27},"end":{"line":23,"column":3}},"line":9},"1":{"name":"(anonymous_1)","decl":{"start":{"line":14,"column":13},"end":{"line":14,"column":14}},"loc":{"start":{"line":14,"column":40},"end":{"line":16,"column":7}},"line":14},"2":{"name":"(anonymous_2)","decl":{"start":{"line":19,"column":13},"end":{"line":19,"column":14}},"loc":{"start":{"line":19,"column":22},"end":{"line":21,"column":7}},"line":19}},"branchMap":{},"s":{"0":1,"1":1,"2":1,"3":0,"4":0,"5":1},"f":{"0":1,"1":0,"2":0},"b":{},"_coverageSchema":"1a1c01bbd47fc00a2c39e90264f33305004495a9","hash":"56e98eaa9a8a1ab81084f7700d078ecec34b5034"}
,"C:\\Users\\ksz95\\Desktop\\React\\React-project\\src\\components\\Button\\Button.tsx": {"path":"C:\\Users\\ksz95\\Desktop\\React\\React-project\\src\\components\\Button\\Button.tsx","statementMap":{"0":{"start":{"line":17,"column":2},"end":{"line":26,"column":4}}},"fnMap":{"0":{"name":"Button","decl":{"start":{"line":4,"column":16},"end":{"line":4,"column":22}},"loc":{"start":{"line":16,"column":3},"end":{"line":27,"column":1}},"line":16}},"branchMap":{},"s":{"0":0},"f":{"0":0},"b":{},"_coverageSchema":"1a1c01bbd47fc00a2c39e90264f33305004495a9","hash":"041052b8d7302be75d257fb0a0a782fdf6e73f7f"}
,"C:\\Users\\ksz95\\Desktop\\React\\React-project\\src\\components\\CharacterCard\\CharacterCard.tsx": {"path":"C:\\Users\\ksz95\\Desktop\\React\\React-project\\src\\components\\CharacterCard\\CharacterCard.tsx","statementMap":{"0":{"start":{"line":8,"column":61},"end":{"line":45,"column":1}},"1":{"start":{"line":19,"column":2},"end":{"line":44,"column":4}}},"fnMap":{"0":{"name":"(anonymous_0)","decl":{"start":{"line":8,"column":61},"end":{"line":8,"column":62}},"loc":{"start":{"line":18,"column":6},"end":{"line":45,"column":1}},"line":18}},"branchMap":{},"s":{"0":2,"1":8},"f":{"0":8},"b":{},"_coverageSchema":"1a1c01bbd47fc00a2c39e90264f33305004495a9","hash":"3d3e7b3b687681b8f3212e0bac07b3dd911de35a"}
,"C:\\Users\\ksz95\\Desktop\\React\\React-project\\src\\components\\Details\\Details.tsx": {"path":"C:\\Users\\ksz95\\Desktop\\React\\React-project\\src\\components\\Details\\Details.tsx","statementMap":{"0":{"start":{"line":9,"column":17},"end":{"line":9,"column":44}},"1":{"start":{"line":10,"column":21},"end":{"line":10,"column":49}},"2":{"start":{"line":12,"column":43},"end":{"line":12,"column":71}},"3":{"start":{"line":14,"column":19},"end":{"line":14,"column":32}},"4":{"start":{"line":15,"column":25},"end":{"line":15,"column":42}},"5":{"start":{"line":16,"column":22},"end":{"line":16,"column":53}},"6":{"start":{"line":17,"column":17},"end":{"line":17,"column":49}},"7":{"start":{"line":19,"column":28},"end":{"line":21,"column":3}},"8":{"start":{"line":20,"column":4},"end":{"line":20,"column":55}},"9":{"start":{"line":23,"column":29},"end":{"line":30,"column":3}},"10":{"start":{"line":24,"column":4},"end":{"line":29,"column":5}},"11":{"start":{"line":28,"column":6},"end":{"line":28,"column":26}},"12":{"start":{"line":32,"column":2},"end":{"line":37,"column":9}},"13":{"start":{"line":33,"column":4},"end":{"line":33,"column":63}},"14":{"start":{"line":34,"column":4},"end":{"line":36,"column":6}},"15":{"start":{"line":35,"column":6},"end":{"line":35,"column":68}},"16":{"start":{"line":39,"column":2},"end":{"line":61,"column":4}}},"fnMap":{"0":{"name":"Details","decl":{"start":{"line":8,"column":16},"end":{"line":8,"column":23}},"loc":{"start":{"line":8,"column":26},"end":{"line":62,"column":1}},"line":8},"1":{"name":"(anonymous_1)","decl":{"start":{"line":19,"column":28},"end":{"line":19,"column":29}},"loc":{"start":{"line":19,"column":34},"end":{"line":21,"column":3}},"line":19},"2":{"name":"(anonymous_2)","decl":{"start":{"line":23,"column":29},"end":{"line":23,"column":30}},"loc":{"start":{"line":23,"column":52},"end":{"line":30,"column":3}},"line":23},"3":{"name":"(anonymous_3)","decl":{"start":{"line":32,"column":12},"end":{"line":32,"column":13}},"loc":{"start":{"line":32,"column":18},"end":{"line":37,"column":3}},"line":32},"4":{"name":"(anonymous_4)","decl":{"start":{"line":34,"column":11},"end":{"line":34,"column":12}},"loc":{"start":{"line":34,"column":17},"end":{"line":36,"column":5}},"line":34}},"branchMap":{"0":{"loc":{"start":{"line":12,"column":62},"end":{"line":12,"column":70}},"type":"binary-expr","locations":[{"start":{"line":12,"column":62},"end":{"line":12,"column":64}},{"start":{"line":12,"column":68},"end":{"line":12,"column":70}}],"line":12},"1":{"loc":{"start":{"line":16,"column":22},"end":{"line":16,"column":53}},"type":"binary-expr","locations":[{"start":{"line":16,"column":22},"end":{"line":16,"column":46}},{"start":{"line":16,"column":50},"end":{"line":16,"column":53}}],"line":16},"2":{"loc":{"start":{"line":17,"column":17},"end":{"line":17,"column":49}},"type":"binary-expr","locations":[{"start":{"line":17,"column":17},"end":{"line":17,"column":43}},{"start":{"line":17,"column":47},"end":{"line":17,"column":49}}],"line":17},"3":{"loc":{"start":{"line":24,"column":4},"end":{"line":29,"column":5}},"type":"if","locations":[{"start":{"line":24,"column":4},"end":{"line":29,"column":5}},{"start":{},"end":{}}],"line":24},"4":{"loc":{"start":{"line":25,"column":6},"end":{"line":26,"column":56}},"type":"binary-expr","locations":[{"start":{"line":25,"column":6},"end":{"line":25,"column":24}},{"start":{"line":26,"column":6},"end":{"line":26,"column":56}}],"line":25},"5":{"loc":{"start":{"line":41,"column":7},"end":{"line":59,"column":7}},"type":"cond-expr","locations":[{"start":{"line":42,"column":8},"end":{"line":42,"column":18}},{"start":{"line":43,"column":10},"end":{"line":59,"column":7}}],"line":41},"6":{"loc":{"start":{"line":43,"column":10},"end":{"line":59,"column":7}},"type":"cond-expr","locations":[{"start":{"line":44,"column":8},"end":{"line":56,"column":11}},{"start":{"line":58,"column":8},"end":{"line":58,"column":18}}],"line":43}},"s":{"0":0,"1":0,"2":0,"3":0,"4":0,"5":0,"6":0,"7":0,"8":0,"9":0,"10":0,"11":0,"12":0,"13":0,"14":0,"15":0,"16":0},"f":{"0":0,"1":0,"2":0,"3":0,"4":0},"b":{"0":[0,0],"1":[0,0],"2":[0,0],"3":[0,0],"4":[0,0],"5":[0,0],"6":[0,0]},"_coverageSchema":"1a1c01bbd47fc00a2c39e90264f33305004495a9","hash":"2e6aec25e14c8927aee01e99a1c1d8ac2407388c"}
,"C:\\Users\\ksz95\\Desktop\\React\\React-project\\src\\components\\Loader\\Loader.tsx": {"path":"C:\\Users\\ksz95\\Desktop\\React\\React-project\\src\\components\\Loader\\Loader.tsx","statementMap":{"0":{"start":{"line":4,"column":15},"end":{"line":6,"column":1}},"1":{"start":{"line":5,"column":2},"end":{"line":5,"column":54}}},"fnMap":{"0":{"name":"(anonymous_0)","decl":{"start":{"line":4,"column":15},"end":{"line":4,"column":16}},"loc":{"start":{"line":4,"column":21},"end":{"line":6,"column":1}},"line":4}},"branchMap":{},"s":{"0":1,"1":0},"f":{"0":0},"b":{},"_coverageSchema":"1a1c01bbd47fc00a2c39e90264f33305004495a9","hash":"9163089b9fa0f99f01a6682e5515599f1ba2a4d9"}
,"C:\\Users\\ksz95\\Desktop\\React\\React-project\\src\\components\\Search\\SearchButton.tsx": {"path":"C:\\Users\\ksz95\\Desktop\\React\\React-project\\src\\components\\Search\\SearchButton.tsx","statementMap":{"0":{"start":{"line":8,"column":38},"end":{"line":10,"column":1}},"1":{"start":{"line":9,"column":2},"end":{"line":9,"column":51}}},"fnMap":{"0":{"name":"(anonymous_0)","decl":{"start":{"line":8,"column":38},"end":{"line":8,"column":39}},"loc":{"start":{"line":8,"column":55},"end":{"line":10,"column":1}},"line":8}},"branchMap":{},"s":{"0":1,"1":1},"f":{"0":1},"b":{},"_coverageSchema":"1a1c01bbd47fc00a2c39e90264f33305004495a9","hash":"9751df2d5b8ab27a659b13be7336055ec6d7c77c"}
,"C:\\Users\\ksz95\\Desktop\\React\\React-project\\src\\components\\SearchResults\\SearchResults.tsx": {"path":"C:\\Users\\ksz95\\Desktop\\React\\React-project\\src\\components\\SearchResults\\SearchResults.tsx","statementMap":{"0":{"start":{"line":10,"column":39},"end":{"line":41,"column":1}},"1":{"start":{"line":11,"column":19},"end":{"line":11,"column":32}},"2":{"start":{"line":12,"column":25},"end":{"line":12,"column":42}},"3":{"start":{"line":13,"column":22},"end":{"line":13,"column":53}},"4":{"start":{"line":14,"column":17},"end":{"line":14,"column":49}},"5":{"start":{"line":16,"column":22},"end":{"line":19,"column":3}},"6":{"start":{"line":17,"column":15},"end":{"line":17,"column":46}},"7":{"start":{"line":18,"column":4},"end":{"line":18,"column":68}},"8":{"start":{"line":21,"column":2},"end":{"line":40,"column":4}},"9":{"start":{"line":25,"column":10},"end":{"line":37,"column":12}},"10":{"start":{"line":35,"column":27},"end":{"line":35,"column":50}}},"fnMap":{"0":{"name":"(anonymous_0)","decl":{"start":{"line":10,"column":39},"end":{"line":10,"column":40}},"loc":{"start":{"line":10,"column":56},"end":{"line":41,"column":1}},"line":10},"1":{"name":"(anonymous_1)","decl":{"start":{"line":16,"column":22},"end":{"line":16,"column":23}},"loc":{"start":{"line":16,"column":39},"end":{"line":19,"column":3}},"line":16},"2":{"name":"(anonymous_2)","decl":{"start":{"line":24,"column":20},"end":{"line":24,"column":21}},"loc":{"start":{"line":25,"column":10},"end":{"line":37,"column":12}},"line":25},"3":{"name":"(anonymous_3)","decl":{"start":{"line":35,"column":21},"end":{"line":35,"column":22}},"loc":{"start":{"line":35,"column":27},"end":{"line":35,"column":50}},"line":35}},"branchMap":{"0":{"loc":{"start":{"line":13,"column":22},"end":{"line":13,"column":53}},"type":"binary-expr","locations":[{"start":{"line":13,"column":22},"end":{"line":13,"column":46}},{"start":{"line":13,"column":50},"end":{"line":13,"column":53}}],"line":13},"1":{"loc":{"start":{"line":14,"column":17},"end":{"line":14,"column":49}},"type":"binary-expr","locations":[{"start":{"line":14,"column":17},"end":{"line":14,"column":43}},{"start":{"line":14,"column":47},"end":{"line":14,"column":49}}],"line":14},"2":{"loc":{"start":{"line":23,"column":7},"end":{"line":38,"column":10}},"type":"binary-expr","locations":[{"start":{"line":23,"column":7},"end":{"line":23,"column":25}},{"start":{"line":24,"column":8},"end":{"line":38,"column":10}}],"line":23}},"s":{"0":1,"1":12,"2":12,"3":12,"4":12,"5":12,"6":0,"7":0,"8":12,"9":0,"10":0},"f":{"0":12,"1":0,"2":0,"3":0},"b":{"0":[12,0],"1":[12,0],"2":[0,0]},"_coverageSchema":"1a1c01bbd47fc00a2c39e90264f33305004495a9","hash":"6d0b6bb9c88c37ddd54f1c489b9a68f338b4c61f"}
}
