TN:
SF:src\components\CharacterCard\CharacterCard.tsx
FN:9,(anonymous_0)
FNF:1
FNH:1
FNDA:14,(anonymous_0)
DA:9,2
DA:20,14
DA:21,6
LF:3
LH:3
BRF:0
BRH:0
end_of_record
TN:
SF:src\components\Search\SearchButton.tsx
FN:8,(anonymous_0)
FNF:1
FNH:1
FNDA:4,(anonymous_0)
DA:8,1
DA:9,4
DA:10,0
LF:3
LH:2
BRF:0
BRH:0
end_of_record
TN:
SF:src\components\SearchResults\SearchResults.tsx
FN:13,(anonymous_0)
FN:17,(anonymous_1)
FN:20,(anonymous_2)
FN:23,(anonymous_3)
FN:28,(anonymous_4)
FN:35,(anonymous_5)
FN:46,(anonymous_6)
FN:53,(anonymous_7)
FNF:8
FNH:6
FNDA:4,(anonymous_0)
FNDA:8,(anonymous_1)
FNDA:8,(anonymous_2)
FNDA:1,(anonymous_3)
FNDA:0,(anonymous_4)
FNDA:6,(anonymous_5)
FNDA:1,(anonymous_6)
FNDA:0,(anonymous_7)
DA:13,1
DA:14,4
DA:15,4
DA:16,4
DA:17,8
DA:18,4
DA:19,4
DA:20,8
DA:23,4
DA:24,1
DA:25,1
DA:28,4
DA:29,0
DA:32,4
DA:36,6
DA:46,1
DA:53,0
LF:17
LH:15
BRDA:16,0,0,4
BRDA:16,0,1,0
BRDA:34,1,0,4
BRDA:34,1,1,3
BRF:4
BRH:3
end_of_record
TN:
SF:src\hooks\hooks.ts
FN:4,(anonymous_0)
FNF:1
FNH:1
FNDA:4,(anonymous_0)
DA:4,4
DA:5,1
LF:2
LH:2
BRF:0
BRH:0
end_of_record
TN:
SF:src\slices\SelectedItemsSlice.tsx
FN:20,(anonymous_0)
FN:33,(anonymous_1)
FNF:2
FNH:0
FNDA:0,(anonymous_0)
FNDA:0,(anonymous_1)
DA:8,1
DA:10,1
DA:16,1
DA:21,0
DA:22,0
DA:23,0
DA:24,0
DA:26,0
DA:28,0
DA:34,0
DA:35,0
DA:40,1
LF:12
LH:4
BRDA:10,0,0,0
BRDA:10,0,1,1
BRDA:23,1,0,0
BRDA:23,1,1,0
BRF:4
BRH:1
end_of_record
TN:
SF:src\theme\ThemeContext.tsx
FN:12,(anonymous_0)
FN:15,(anonymous_1)
FN:16,(anonymous_2)
FN:26,(anonymous_3)
FNF:4
FNH:2
FNDA:4,(anonymous_0)
FNDA:0,(anonymous_1)
FNDA:0,(anonymous_2)
FNDA:18,(anonymous_3)
DA:10,3
DA:12,3
DA:13,4
DA:15,4
DA:16,0
DA:19,4
DA:26,3
DA:27,18
DA:28,18
DA:29,12
DA:31,6
LF:11
LH:10
BRDA:16,0,0,0
BRDA:16,0,1,0
BRDA:28,1,0,12
BRDA:28,1,1,6
BRF:4
BRH:2
end_of_record
