TN:
SF:src\api\index.ts
FN:9,(anonymous_0)
FN:14,(anonymous_1)
FN:19,(anonymous_2)
FNF:3
FNH:1
FNDA:1,(anonymous_0)
FNDA:0,(anonymous_1)
FNDA:0,(anonymous_2)
DA:4,1
DA:6,1
DA:9,1
DA:14,0
DA:19,0
DA:26,1
LF:6
LH:4
BRF:0
BRH:0
end_of_record
TN:
SF:src\components\Button\Button.tsx
FN:4,Button
FNF:1
FNH:0
FNDA:0,Button
DA:17,0
LF:1
LH:0
BRF:0
BRH:0
end_of_record
TN:
SF:src\components\CharacterCard\CharacterCard.tsx
FN:8,(anonymous_0)
FNF:1
FNH:1
FNDA:8,(anonymous_0)
DA:8,2
DA:19,8
LF:2
LH:2
BRF:0
BRH:0
end_of_record
TN:
SF:src\components\Details\Details.tsx
FN:8,Details
FN:19,(anonymous_1)
FN:23,(anonymous_2)
FN:32,(anonymous_3)
FN:34,(anonymous_4)
FNF:5
FNH:0
FNDA:0,Details
FNDA:0,(anonymous_1)
FNDA:0,(anonymous_2)
FNDA:0,(anonymous_3)
FNDA:0,(anonymous_4)
DA:9,0
DA:10,0
DA:12,0
DA:14,0
DA:15,0
DA:16,0
DA:17,0
DA:19,0
DA:20,0
DA:23,0
DA:24,0
DA:28,0
DA:32,0
DA:33,0
DA:34,0
DA:35,0
DA:39,0
LF:17
LH:0
BRDA:12,0,0,0
BRDA:12,0,1,0
BRDA:16,1,0,0
BRDA:16,1,1,0
BRDA:17,2,0,0
BRDA:17,2,1,0
BRDA:24,3,0,0
BRDA:24,3,1,0
BRDA:25,4,0,0
BRDA:25,4,1,0
BRDA:41,5,0,0
BRDA:41,5,1,0
BRDA:43,6,0,0
BRDA:43,6,1,0
BRF:14
BRH:0
end_of_record
TN:
SF:src\components\Loader\Loader.tsx
FN:4,(anonymous_0)
FNF:1
FNH:0
FNDA:0,(anonymous_0)
DA:4,1
DA:5,0
LF:2
LH:1
BRF:0
BRH:0
end_of_record
TN:
SF:src\components\Search\SearchButton.tsx
FN:8,(anonymous_0)
FNF:1
FNH:1
FNDA:1,(anonymous_0)
DA:8,1
DA:9,1
LF:2
LH:2
BRF:0
BRH:0
end_of_record
TN:
SF:src\components\SearchResults\SearchResults.tsx
FN:10,(anonymous_0)
FN:16,(anonymous_1)
FN:24,(anonymous_2)
FN:35,(anonymous_3)
FNF:4
FNH:1
FNDA:12,(anonymous_0)
FNDA:0,(anonymous_1)
FNDA:0,(anonymous_2)
FNDA:0,(anonymous_3)
DA:10,1
DA:11,12
DA:12,12
DA:13,12
DA:14,12
DA:16,12
DA:17,0
DA:18,0
DA:21,12
DA:25,0
DA:35,0
LF:11
LH:7
BRDA:13,0,0,12
BRDA:13,0,1,0
BRDA:14,1,0,12
BRDA:14,1,1,0
BRDA:23,2,0,0
BRDA:23,2,1,0
BRF:6
BRH:2
end_of_record
